<?xml version="1.0" encoding="UTF-8"?>
<testng-results ignored="0" total="1" passed="1" failed="0" skipped="0">
  <reporter-output>
  </reporter-output>
  <suite started-at="2022-05-03T12:39:34 IST" name="Default suite" finished-at="2022-05-03T12:39:45 IST" duration-ms="10975">
    <groups>
    </groups>
    <test started-at="2022-05-03T12:39:34 IST" name="Default test" finished-at="2022-05-03T12:39:45 IST" duration-ms="10975">
      <class name="testNG.ScreenshotFailed">
        <test-method signature="CaptureScreen()[pri:0, instance:testNG.ScreenshotFailed@49d904ec]" started-at="2022-05-03T12:39:34 IST" name="CaptureScreen" finished-at="2022-05-03T12:39:40 IST" duration-ms="6738" status="PASS">
          <reporter-output>
          </reporter-output>
        </test-method> <!-- CaptureScreen -->
        <test-method is-config="true" signature="screenShot(org.testng.ITestResult)[pri:0, instance:testNG.ScreenshotFailed@49d904ec]" started-at="2022-05-03T12:39:40 IST" name="screenShot" finished-at="2022-05-03T12:39:45 IST" duration-ms="4200" status="PASS">
          <params>
            <param index="0">
              <value>
                <![CDATA[[TestResult name=CaptureScreen status=SUCCESS method=ScreenshotFailed.CaptureScreen()[pri:0, instance:testNG.ScreenshotFailed@49d904ec] output={null}]]]>
              </value>
            </param>
          </params>
          <reporter-output>
          </reporter-output>
        </test-method> <!-- screenShot -->
      </class> <!-- testNG.ScreenshotFailed -->
    </test> <!-- Default test -->
  </suite> <!-- Default suite -->
</testng-results>
